<?xml version="1.0" encoding="UTF-8" ?>
<testsuite tests="17" failures="0" name="com.kata.test.CLeapYearsUtilTest" time="0.189" errors="0" skipped="0">
  <properties>
    <property name="java.runtime.name" value="Java(TM) SE Runtime Environment"/>
    <property name="sun.boot.library.path" value="C:\Program Files\Java\jdk1.8.0_161\jre\bin"/>
    <property name="java.vm.version" value="25.161-b12"/>
    <property name="java.vm.vendor" value="Oracle Corporation"/>
    <property name="maven.multiModuleProjectDirectory" value="E:\TCS_OnsiteProjectPreparation\CaseStudykataV1"/>
    <property name="java.vendor.url" value="http://java.oracle.com/"/>
    <property name="path.separator" value=";"/>
    <property name="guice.disable.misplaced.annotation.check" value="true"/>
    <property name="java.vm.name" value="Java HotSpot(TM) 64-Bit Server VM"/>
    <property name="file.encoding.pkg" value="sun.io"/>
    <property name="user.script" value=""/>
    <property name="user.country" value="IN"/>
    <property name="sun.java.launcher" value="SUN_STANDARD"/>
    <property name="sun.os.patch.level" value="Service Pack 1"/>
    <property name="java.vm.specification.name" value="Java Virtual Machine Specification"/>
    <property name="user.dir" value="E:\TCS_OnsiteProjectPreparation\CaseStudykataV1"/>
    <property name="java.runtime.version" value="1.8.0_161-b12"/>
    <property name="java.awt.graphicsenv" value="sun.awt.Win32GraphicsEnvironment"/>
    <property name="java.endorsed.dirs" value="C:\Program Files\Java\jdk1.8.0_161\jre\lib\endorsed"/>
    <property name="os.arch" value="amd64"/>
    <property name="java.io.tmpdir" value="C:\Users\Lenovo\AppData\Local\Temp\"/>
    <property name="line.separator" value="
"/>
    <property name="java.vm.specification.vendor" value="Oracle Corporation"/>
    <property name="user.variant" value=""/>
    <property name="os.name" value="Windows 7"/>
    <property name="classworlds.conf" value="E:\New_Development\GeneralLearning\Workspace\.metadata\.plugins\org.eclipse.m2e.launching\launches\m2conf4517157543703217204.tmp"/>
    <property name="sun.jnu.encoding" value="Cp1252"/>
    <property name="java.library.path" value="C:\Program Files\Java\jdk1.8.0_161\bin;C:\Windows\Sun\Java\bin;C:\Windows\system32;C:\Windows;C:/Program Files/Java/jre1.8.0_181/bin/server;C:/Program Files/Java/jre1.8.0_181/bin;C:/Program Files/Java/jre1.8.0_181/lib/amd64;C:\Program Files (x86)\Common Files\Oracle\Java\javapath;C:\ProgramData\Oracle\Java\javapath;C:\oraclexe\app\oracle\product\10.2.0\server\bin;C:\Windows\system32;C:\Windows;C:\Windows\System32\Wbem;C:\Windows\System32\WindowsPowerShell\v1.0\;D:\InstalledSoftwareLocation\MySQLInstallPath\bin;C:\Program Files\TortoiseSVN\bin;C:\Program Files\Microsoft SQL Server\120\DTS\Binn\;C:\Program Files\Microsoft SQL Server\Client SDK\ODBC\110\Tools\Binn\;C:\Program Files (x86)\Microsoft SQL Server\120\Tools\Binn\;C:\Program Files\Microsoft SQL Server\120\Tools\Binn\;C:\Program Files (x86)\Microsoft SQL Server\120\Tools\Binn\ManagementStudio\;C:\Program Files (x86)\Microsoft SQL Server\120\DTS\Binn\;C:\Program Files (x86)\Yarn\bin;C:\Program Files\Intel\WiFi\bin\;C:\Program Files\Common Files\Intel\WirelessCommon\;C:\Program Files\Git\cmd;C:\Program Files\TortoiseGit\bin;E:\DBLocations\MySQLInstalledLocation\MySQL Utilities 1.3.4\;C:\Program Files\Java\jdk1.8.0_161\bin;E:\New_Development\Ezham\Soft\apache-maven-3.5.3\bin;%AXIS2HOME%\bin;C:\Program Files\Intel\WiFi\bin\;C:\Program Files\Common Files\Intel\WirelessCommon\;E:\New_Development\GeneralLearning\Soft\eclipse;;."/>
    <property name="java.specification.name" value="Java Platform API Specification"/>
    <property name="java.class.version" value="52.0"/>
    <property name="sun.management.compiler" value="HotSpot 64-Bit Tiered Compilers"/>
    <property name="os.version" value="6.1"/>
    <property name="user.home" value="C:\Users\Lenovo"/>
    <property name="user.timezone" value="Europe/Paris"/>
    <property name="java.awt.printerjob" value="sun.awt.windows.WPrinterJob"/>
    <property name="java.specification.version" value="1.8"/>
    <property name="file.encoding" value="Cp1252"/>
    <property name="user.name" value="Lenovo"/>
    <property name="java.class.path" value="E:\New_Development\GeneralLearning\Soft\eclipse\plugins\org.eclipse.m2e.maven.runtime_1.9.0.20180606-2035\jars\plexus-classworlds-2.5.2.jar"/>
    <property name="java.vm.specification.version" value="1.8"/>
    <property name="sun.arch.data.model" value="64"/>
    <property name="java.home" value="C:\Program Files\Java\jdk1.8.0_161\jre"/>
    <property name="sun.java.command" value="org.codehaus.plexus.classworlds.launcher.Launcher -B -gs E:\New_Development\Ezham-DMS\Soft\apache-maven-3.5.3\conf\settings.xml -s E:\New_Development\Ezham-DMS\Soft\apache-maven-3.5.3\conf\settings.xml install"/>
    <property name="java.specification.vendor" value="Oracle Corporation"/>
    <property name="user.language" value="en"/>
    <property name="awt.toolkit" value="sun.awt.windows.WToolkit"/>
    <property name="java.vm.info" value="mixed mode"/>
    <property name="java.version" value="1.8.0_161"/>
    <property name="java.ext.dirs" value="C:\Program Files\Java\jdk1.8.0_161\jre\lib\ext;C:\Windows\Sun\Java\lib\ext"/>
    <property name="sun.boot.class.path" value="C:\Program Files\Java\jdk1.8.0_161\jre\lib\resources.jar;C:\Program Files\Java\jdk1.8.0_161\jre\lib\rt.jar;C:\Program Files\Java\jdk1.8.0_161\jre\lib\sunrsasign.jar;C:\Program Files\Java\jdk1.8.0_161\jre\lib\jsse.jar;C:\Program Files\Java\jdk1.8.0_161\jre\lib\jce.jar;C:\Program Files\Java\jdk1.8.0_161\jre\lib\charsets.jar;C:\Program Files\Java\jdk1.8.0_161\jre\lib\jfr.jar;C:\Program Files\Java\jdk1.8.0_161\jre\classes"/>
    <property name="java.vendor" value="Oracle Corporation"/>
    <property name="maven.home" value="E:\TCS_OnsiteProjectPreparation\CaseStudykataV1\EMBEDDED"/>
    <property name="file.separator" value="\"/>
    <property name="java.vendor.url.bug" value="http://bugreport.sun.com/bugreport/"/>
    <property name="sun.cpu.endian" value="little"/>
    <property name="sun.io.unicode.encoding" value="UnicodeLittle"/>
    <property name="sun.desktop" value="windows"/>
    <property name="sun.cpu.isalist" value="amd64"/>
  </properties>
  <testcase classname="com.kata.test.CLeapYearsUtilTest" name="testValidateByText" time="0.042"/>
  <testcase classname="com.kata.test.CLeapYearsUtilTest" name="testReadYearsInputINIByInValidKey" time="0.131"/>
  <testcase classname="com.kata.test.CLeapYearsUtilTest" name="testValidateBySpecialChars" time="0"/>
  <testcase classname="com.kata.test.CLeapYearsUtilTest" name="testLeapYearByInValidLeapYear" time="0"/>
  <testcase classname="com.kata.test.CLeapYearsUtilTest" name="testLeapYear_DivBy400" time="0"/>
  <testcase classname="com.kata.test.CLeapYearsUtilTest" name="testReadYearsInputINIByInValidLeapYear" time="0.001"/>
  <testcase classname="com.kata.test.CLeapYearsUtilTest" name="testMain" time="0.003"/>
  <testcase classname="com.kata.test.CLeapYearsUtilTest" name="testLeapYearByValidLeapYear" time="0"/>
  <testcase classname="com.kata.test.CLeapYearsUtilTest" name="testReadYearsInputINIByValidLeapYear" time="0.005"/>
  <testcase classname="com.kata.test.CLeapYearsUtilTest" name="testLeapYear_DivBy4NotDivBy100" time="0"/>
  <testcase classname="com.kata.test.CLeapYearsUtilTest" name="testContants" time="0.002"/>
  <testcase classname="com.kata.test.CLeapYearsUtilTest" name="testLeapYear_DivBy100NotDivBy400" time="0"/>
  <testcase classname="com.kata.test.CLeapYearsUtilTest" name="testValidateByInvalidYear" time="0.002"/>
  <testcase classname="com.kata.test.CLeapYearsUtilTest" name="testReadYearsInputINIByValidFile" time="0.001"/>
  <testcase classname="com.kata.test.CLeapYearsUtilTest" name="testReadYearsInputINIByInValidFile" time="0.001"/>
  <testcase classname="com.kata.test.CLeapYearsUtilTest" name="testLeapYear_NotDivBy4" time="0"/>
  <testcase classname="com.kata.test.CLeapYearsUtilTest" name="testLeapYear_DivBy4" time="0.001"/>
</testsuite>